# JRE version: Java(TM) SE Runtime Environment (7.0_79-b15) (build 1.7.0_79-b15)
# Java VM: Java HotSpot(TM) 64-Bit Server VM (24.79-b02 mixed mode bsd-amd64 compressed oops)
Heap
 PSYoungGen      total 38912K, used 5481K [0x00000007d5500000, 0x00000007d8000000, 0x0000000800000000)
  eden space 33792K, 1% used [0x00000007d5500000,0x00000007d555ce20,0x00000007d7600000)
  from space 5120K, 99% used [0x00000007d7600000,0x00000007d7afd9b8,0x00000007d7b00000)
  to   space 5120K, 0% used [0x00000007d7b00000,0x00000007d7b00000,0x00000007d8000000)
 ParOldGen       total 87040K, used 20477K [0x0000000780000000, 0x0000000785500000, 0x00000007d5500000)
  object space 87040K, 23% used [0x0000000780000000,0x00000007813ff438,0x0000000785500000)
 PSPermGen       total 21504K, used 21159K [0x000000077ae00000, 0x000000077c300000, 0x0000000780000000)
  object space 21504K, 98% used [0x000000077ae00000,0x000000077c2a9ec0,0x000000077c300000)
GC Heap History (6 events):
Event: 4.216 GC heap before
{Heap before GC invocations=1 (full 0):
 PSYoungGen      total 38912K, used 31472K [0x00000007d5500000, 0x00000007d8000000, 0x0000000800000000)
  eden space 33792K, 93% used [0x00000007d5500000,0x00000007d73bc118,0x00000007d7600000)
  from space 5120K, 0% used [0x00000007d7b00000,0x00000007d7b00000,0x00000007d8000000)
  to   space 5120K, 0% used [0x00000007d7600000,0x00000007d7600000,0x00000007d7b00000)
 ParOldGen       total 87040K, used 0K [0x0000000780000000, 0x0000000785500000, 0x00000007d5500000)
  object space 87040K, 0% used [0x0000000780000000,0x0000000780000000,0x0000000785500000)
 PSPermGen       total 21504K, used 16657K [0x000000077ae00000, 0x000000077c300000, 0x0000000780000000)
  object space 21504K, 77% used [0x000000077ae00000,0x000000077be445a8,0x000000077c300000)
Event: 4.230 GC heap after
Heap after GC invocations=1 (full 0):
 PSYoungGen      total 38912K, used 5109K [0x00000007d5500000, 0x00000007d8000000, 0x0000000800000000)
  eden space 33792K, 0% used [0x00000007d5500000,0x00000007d5500000,0x00000007d7600000)
  from space 5120K, 99% used [0x00000007d7600000,0x00000007d7afd480,0x00000007d7b00000)
  to   space 5120K, 0% used [0x00000007d7b00000,0x00000007d7b00000,0x00000007d8000000)
 ParOldGen       total 87040K, used 1923K [0x0000000780000000, 0x0000000785500000, 0x00000007d5500000)
  object space 87040K, 2% used [0x0000000780000000,0x00000007801e0e78,0x0000000785500000)
 PSPermGen       total 21504K, used 16657K [0x000000077ae00000, 0x000000077c300000, 0x0000000780000000)
  object space 21504K, 77% used [0x000000077ae00000,0x000000077be445a8,0x000000077c300000)
}
Event: 189.358 GC heap before
{Heap before GC invocations=2 (full 0):
 PSYoungGen      total 38912K, used 38901K [0x00000007d5500000, 0x00000007d8000000, 0x0000000800000000)
  eden space 33792K, 100% used [0x00000007d5500000,0x00000007d7600000,0x00000007d7600000)
  from space 5120K, 99% used [0x00000007d7600000,0x00000007d7afd480,0x00000007d7b00000)
  to   space 5120K, 0% used [0x00000007d7b00000,0x00000007d7b00000,0x00000007d8000000)
 ParOldGen       total 87040K, used 1923K [0x0000000780000000, 0x0000000785500000, 0x00000007d5500000)
  object space 87040K, 2% used [0x0000000780000000,0x00000007801e0e78,0x0000000785500000)
 PSPermGen       total 21504K, used 21049K [0x000000077ae00000, 0x000000077c300000, 0x0000000780000000)
  object space 21504K, 97% used [0x000000077ae00000,0x000000077c28e570,0x000000077c300000)
Event: 189.464 GC heap after
Heap after GC invocations=2 (full 0):
 PSYoungGen      total 38912K, used 5114K [0x00000007d5500000, 0x00000007d8000000, 0x0000000800000000)
  eden space 33792K, 0% used [0x00000007d5500000,0x00000007d5500000,0x00000007d7600000)
  from space 5120K, 99% used [0x00000007d7b00000,0x00000007d7ffe960,0x00000007d8000000)
  to   space 5120K, 0% used [0x00000007d7600000,0x00000007d7600000,0x00000007d7b00000)
 ParOldGen       total 87040K, used 19130K [0x0000000780000000, 0x0000000785500000, 0x00000007d5500000)
  object space 87040K, 21% used [0x0000000780000000,0x00000007812ae928,0x0000000785500000)
 PSPermGen       total 21504K, used 21049K [0x000000077ae00000, 0x000000077c300000, 0x0000000780000000)
  object space 21504K, 97% used [0x000000077ae00000,0x000000077c28e570,0x000000077c300000)
}
Event: 63158.556 GC heap before
{Heap before GC invocations=3 (full 0):
 PSYoungGen      total 38912K, used 38906K [0x00000007d5500000, 0x00000007d8000000, 0x0000000800000000)
  eden space 33792K, 100% used [0x00000007d5500000,0x00000007d7600000,0x00000007d7600000)
  from space 5120K, 99% used [0x00000007d7b00000,0x00000007d7ffe960,0x00000007d8000000)
  to   space 5120K, 0% used [0x00000007d7600000,0x00000007d7600000,0x00000007d7b00000)
 ParOldGen       total 87040K, used 19130K [0x0000000780000000, 0x0000000785500000, 0x00000007d5500000)
  object space 87040K, 21% used [0x0000000780000000,0x00000007812ae928,0x0000000785500000)
 PSPermGen       total 21504K, used 21159K [0x000000077ae00000, 0x000000077c300000, 0x0000000780000000)
  object space 21504K, 98% used [0x000000077ae00000,0x000000077c2a9ec0,0x000000077c300000)
Event: 63158.610 GC heap after
Heap after GC invocations=3 (full 0):
 PSYoungGen      total 38912K, used 5110K [0x00000007d5500000, 0x00000007d8000000, 0x0000000800000000)
  eden space 33792K, 0% used [0x00000007d5500000,0x00000007d5500000,0x00000007d7600000)
  from space 5120K, 99% used [0x00000007d7600000,0x00000007d7afd9b8,0x00000007d7b00000)
  to   space 5120K, 0% used [0x00000007d7b00000,0x00000007d7b00000,0x00000007d8000000)
 ParOldGen       total 87040K, used 20477K [0x0000000780000000, 0x0000000785500000, 0x00000007d5500000)
  object space 87040K, 23% used [0x0000000780000000,0x00000007813ff438,0x0000000785500000)
 PSPermGen       total 21504K, used 21159K [0x000000077ae00000, 0x000000077c300000, 0x0000000780000000)
  object space 21504K, 98% used [0x000000077ae00000,0x000000077c2a9ec0,0x000000077c300000)
}

